<?xml version="1.0" encoding="UTF-8"?>
<testsuite xmlns:xsi="http://www.w3.org/2001/XMLSchema-instance" xsi:noNamespaceSchemaLocation="https://maven.apache.org/surefire/maven-surefire-plugin/xsd/surefire-test-report-3.0.xsd" version="3.0" name="com.booklyn.Backend.BackendApplicationTests" time="13.625" tests="1" errors="0" skipped="0" failures="0">
  <properties>
[...]
</properties>
  <testcase name="contextLoads" classname="com.booklyn.Backend.BackendApplicationTests" time="0.765">
    <system-out><![CDATA[16:34:46.806 [main] INFO org.springframework.test.context.support.AnnotationConfigContextLoaderUtils -- Could not detect default configuration classes for test class [com.booklyn.Backend.BackendApplicationTests]: BackendApplicationTests does not declare any static, non-private, non-final, nested classes annotated with @Configuration.
16:34:47.093 [main] INFO org.springframework.boot.test.context.SpringBootTestContextBootstrapper -- Found @SpringBootConfiguration com.booklyn.Backend.BackendApplication for test class com.booklyn.Backend.BackendApplicationTests
16:34:47.460 [main] INFO org.springframework.boot.devtools.restart.RestartApplicationListener -- Restart disabled due to context in which it is running
                                                                                                                           
                                                                                                                           
BBBBBBBBBBBBBBBBB                                     kkkkkkkk           lllllll                                           
B::::::::::::::::B                                    k::::::k           l:::::l                                           
B::::::BBBBBB:::::B                                   k::::::k           l:::::l                                           
BB:::::B     B:::::B                                  k::::::k           l:::::l                                           
  B::::B     B:::::B   ooooooooooo      ooooooooooo    k:::::k    kkkkkkk l::::lyyyyyyy           yyyyyyynnnn  nnnnnnnn    
  B::::B     B:::::B oo:::::::::::oo  oo:::::::::::oo  k:::::k   k:::::k  l::::l y:::::y         y:::::y n:::nn::::::::nn  
  B::::BBBBBB:::::B o:::::::::::::::oo:::::::::::::::o k:::::k  k:::::k   l::::l  y:::::y       y:::::y  n::::::::::::::nn 
  B:::::::::::::BB  o:::::ooooo:::::oo:::::ooooo:::::o k:::::k k:::::k    l::::l   y:::::y     y:::::y   nn:::::::::::::::n
  B::::BBBBBB:::::B o::::o     o::::oo::::o     o::::o k::::::k:::::k     l::::l    y:::::y   y:::::y      n:::::nnnn:::::n
  B::::B     B:::::Bo::::o     o::::oo::::o     o::::o k:::::::::::k      l::::l     y:::::y y:::::y       n::::n    n::::n
  B::::B     B:::::Bo::::o     o::::oo::::o     o::::o k:::::::::::k      l::::l      y:::::y:::::y        n::::n    n::::n
  B::::B     B:::::Bo::::o     o::::oo::::o     o::::o k::::::k:::::k     l::::l       y:::::::::y         n::::n    n::::n
BB:::::BBBBBB::::::Bo:::::ooooo:::::oo:::::ooooo:::::ok::::::k k:::::k   l::::::l       y:::::::y          n::::n    n::::n
B:::::::::::::::::B o:::::::::::::::oo:::::::::::::::ok::::::k  k:::::k  l::::::l        y:::::y           n::::n    n::::n
B::::::::::::::::B   oo:::::::::::oo  oo:::::::::::oo k::::::k   k:::::k l::::::l       y:::::y            n::::n    n::::n
BBBBBBBBBBBBBBBBB      ooooooooooo      ooooooooooo   kkkkkkkk    kkkkkkkllllllll      y:::::y             nnnnnn    nnnnnn
                                                                                      y:::::y                              
                                                                                     y:::::y                               
                                                                                    y:::::y                                
                                                                                   y:::::y                                 
                                                                                  yyyyyyy                                  
                                                                                                                           
                                                                                                                           
 
Powered by Spring Boot 3.3.0
2024-05-28T16:34:47.967-03:00  INFO 13796 --- [Backend] [           main] c.b.Backend.BackendApplicationTests      : Starting BackendApplicationTests using Java 21.0.1 with PID 13796 (started by Rafael in H:\Proyectos\No Country\c18-46-t-java-react\Backend)
2024-05-28T16:34:47.974-03:00  INFO 13796 --- [Backend] [           main] c.b.Backend.BackendApplicationTests      : No active profile set, falling back to 1 default profile: "default"
2024-05-28T16:34:50.822-03:00  INFO 13796 --- [Backend] [           main] .s.d.r.c.RepositoryConfigurationDelegate : Bootstrapping Spring Data JPA repositories in DEFAULT mode.
2024-05-28T16:34:50.935-03:00  INFO 13796 --- [Backend] [           main] .s.d.r.c.RepositoryConfigurationDelegate : Finished Spring Data repository scanning in 104 ms. Found 10 JPA repository interfaces.
2024-05-28T16:34:52.276-03:00  INFO 13796 --- [Backend] [           main] o.hibernate.jpa.internal.util.LogHelper  : HHH000204: Processing PersistenceUnitInfo [name: default]
2024-05-28T16:34:52.470-03:00  INFO 13796 --- [Backend] [           main] org.hibernate.Version                    : HHH000412: Hibernate ORM core version 6.5.2.Final
2024-05-28T16:34:52.532-03:00  INFO 13796 --- [Backend] [           main] o.h.c.internal.RegionFactoryInitiator    : HHH000026: Second-level cache disabled
2024-05-28T16:34:53.131-03:00  INFO 13796 --- [Backend] [           main] o.s.o.j.p.SpringPersistenceUnitInfo      : No LoadTimeWeaver setup: ignoring JPA class transformer
2024-05-28T16:34:53.187-03:00  INFO 13796 --- [Backend] [           main] com.zaxxer.hikari.HikariDataSource       : HikariPool-1 - Starting...
2024-05-28T16:34:53.774-03:00  INFO 13796 --- [Backend] [           main] com.zaxxer.hikari.pool.HikariPool        : HikariPool-1 - Added connection com.mysql.cj.jdbc.ConnectionImpl@3f122cdc
2024-05-28T16:34:53.783-03:00  INFO 13796 --- [Backend] [           main] com.zaxxer.hikari.HikariDataSource       : HikariPool-1 - Start completed.
2024-05-28T16:34:53.903-03:00  WARN 13796 --- [Backend] [           main] org.hibernate.orm.deprecation            : HHH90000025: MySQLDialect does not need to be specified explicitly using 'hibernate.dialect' (remove the property setting and it will be selected by default)
2024-05-28T16:34:56.092-03:00  INFO 13796 --- [Backend] [           main] o.h.e.t.j.p.i.JtaPlatformInitiator       : HHH000489: No JTA platform available (set 'hibernate.transaction.jta.platform' to enable JTA platform integration)
2024-05-28T16:34:56.251-03:00  INFO 13796 --- [Backend] [           main] j.LocalContainerEntityManagerFactoryBean : Initialized JPA EntityManagerFactory for persistence unit 'default'
2024-05-28T16:34:57.004-03:00  INFO 13796 --- [Backend] [           main] eAuthenticationProviderManagerConfigurer : Global AuthenticationManager configured with AuthenticationProvider bean with name authenticationProvider
2024-05-28T16:34:57.005-03:00  WARN 13796 --- [Backend] [           main] r$InitializeUserDetailsManagerConfigurer : Global AuthenticationManager configured with an AuthenticationProvider bean. UserDetailsService beans will not be used for username/password login. Consider removing the AuthenticationProvider bean. Alternatively, consider using the UserDetailsService in a manually instantiated DaoAuthenticationProvider.
2024-05-28T16:34:57.471-03:00  WARN 13796 --- [Backend] [           main] JpaBaseConfiguration$JpaWebConfiguration : spring.jpa.open-in-view is enabled by default. Therefore, database queries may be performed during view rendering. Explicitly configure spring.jpa.open-in-view to disable this warning
2024-05-28T16:34:58.120-03:00  INFO 13796 --- [Backend] [           main] o.s.s.web.DefaultSecurityFilterChain     : Will secure any request with [org.springframework.security.web.session.DisableEncodeUrlFilter@3ce60feb, org.springframework.security.web.context.request.async.WebAsyncManagerIntegrationFilter@61f2bf3a, org.springframework.security.web.context.SecurityContextHolderFilter@3b303b78, org.springframework.security.web.header.HeaderWriterFilter@13617139, org.springframework.web.filter.CorsFilter@4a0dd851, org.springframework.security.web.authentication.logout.LogoutFilter@61799152, com.booklyn.Backend.Config.Security.jwt.JwtAuthenticationFilter@6b6c882c, org.springframework.security.web.savedrequest.RequestCacheAwareFilter@68e8bbab, org.springframework.security.web.servletapi.SecurityContextHolderAwareRequestFilter@fcee97c, org.springframework.security.web.authentication.AnonymousAuthenticationFilter@293dd4b3, org.springframework.security.web.session.SessionManagementFilter@210e4678, org.springframework.security.web.access.ExceptionTranslationFilter@4dfe5727]
2024-05-28T16:34:59.207-03:00  INFO 13796 --- [Backend] [           main] c.b.Backend.BackendApplicationTests      : Started BackendApplicationTests in 11.777 seconds (process running for 14.522)
]]></system-out>
    <system-err><![CDATA[WARNING: A Java agent has been loaded dynamically (C:\Users\Rafael\.m2\repository\net\bytebuddy\byte-buddy-agent\1.14.16\byte-buddy-agent-1.14.16.jar)
WARNING: If a serviceability tool is in use, please run with -XX:+EnableDynamicAgentLoading to hide this warning
WARNING: If a serviceability tool is not in use, please run with -Djdk.instrument.traceUsage for more information
WARNING: Dynamic loading of agents will be disallowed by default in a future release
]]></system-err>
  </testcase>
</testsuite>